This is pdfTeX, Version 3.14159265-2.6-1.40.20 (MiKTeX 2.9.7250 64-bit) (preloaded format=pdflatex 2019.12.9)  6 JAN 2020 19:38
entering extended mode
**./wait2020.tex
(wait2020.tex
LaTeX2e <2019-10-01> patch level 3
(egpubl.cls
Document Class: egpubl 2002/11/22 Document Style for EG Publications v3.10
\c@table=\count80
\c@figure=\count81
\c@part=\count82
\c@section=\count83
\c@subsection=\count84
\c@subsubsection=\count85
\c@paragraph=\count86
\c@subparagraph=\count87
\c@p@volume=\count88
\every@verbatim=\toks14
\verbatim@line=\toks15
(wait2020.lbl)
\openout9 = `wait2020.lbl'.

) (wait2020.sty)
("C:\Users\Karcsi\AppData\Local\Programs\MiKTeX 2.9\tex/latex/graphics\graphicx
.sty"
Package: graphicx 2017/06/01 v1.1a Enhanced LaTeX Graphics (DPC,SPQR)

("C:\Users\Karcsi\AppData\Local\Programs\MiKTeX 2.9\tex/latex/graphics\keyval.s
ty"
Package: keyval 2014/10/28 v1.15 key=value parser (DPC)
\KV@toks@=\toks16
)
("C:\Users\Karcsi\AppData\Local\Programs\MiKTeX 2.9\tex/latex/graphics\graphics
.sty"
Package: graphics 2019/11/01 v1.3d Standard LaTeX Graphics (DPC,SPQR)

("C:\Users\Karcsi\AppData\Local\Programs\MiKTeX 2.9\tex/latex/graphics\trig.sty
"
Package: trig 2016/01/03 v1.10 sin cos tan (DPC)
)
("C:\Users\Karcsi\AppData\Local\Programs\MiKTeX 2.9\tex/latex/graphics-cfg\grap
hics.cfg"
File: graphics.cfg 2016/06/04 v1.11 sample graphics configuration
)
Package graphics Info: Driver file: pdftex.def on input line 105.

("C:\Users\Karcsi\AppData\Local\Programs\MiKTeX 2.9\tex/latex/graphics-def\pdft
ex.def"
File: pdftex.def 2018/01/08 v1.0l Graphics/color driver for pdftex
))
\Gin@req@height=\dimen102
\Gin@req@width=\dimen103
)
("C:\Users\Karcsi\AppData\Local\Programs\MiKTeX 2.9\tex/latex/base\t1enc.sty"
Package: t1enc 1994/06/01 Standard LaTeX package
)
(dfadobe.sty
Package: dfadobe 2000/03/05 v1.4 T1-encoded Times (except symbols), Courier, He
lvetica (at 90\%) + math package
LaTeX Font Info:    Redeclaring symbol font `operators' on input line 14.
LaTeX Font Info:    Overwriting symbol font `operators' in version `normal'
(Font)                  OT1/cmr/m/n --> OT1/ptmcm/m/n on input line 14.
LaTeX Font Info:    Overwriting symbol font `operators' in version `bold'
(Font)                  OT1/cmr/bx/n --> OT1/ptmcm/m/n on input line 14.
LaTeX Font Info:    Redeclaring symbol font `letters' on input line 15.
LaTeX Font Info:    Overwriting symbol font `letters' in version `normal'
(Font)                  OML/cmm/m/it --> OML/ptmcm/m/it on input line 15.
LaTeX Font Info:    Overwriting symbol font `letters' in version `bold'
(Font)                  OML/cmm/b/it --> OML/ptmcm/m/it on input line 15.
LaTeX Font Info:    Redeclaring symbol font `largesymbols' on input line 16.
LaTeX Font Info:    Overwriting symbol font `largesymbols' in version `normal'
(Font)                  OMX/cmex/m/n --> OMX/psycm/m/n on input line 16.
LaTeX Font Info:    Overwriting symbol font `largesymbols' in version `bold'
(Font)                  OMX/cmex/m/n --> OMX/psycm/m/n on input line 16.
\symbold=\mathgroup4
\symitalic=\mathgroup5
LaTeX Font Info:    Redeclaring math alphabet \mathbf on input line 19.
LaTeX Font Info:    Overwriting math alphabet `\mathbf' in version `normal'
(Font)                  OT1/cmr/bx/n --> OT1/ptm/bx/n on input line 19.
LaTeX Font Info:    Overwriting math alphabet `\mathbf' in version `bold'
(Font)                  OT1/cmr/bx/n --> OT1/ptm/bx/n on input line 19.
LaTeX Font Info:    Redeclaring math alphabet \mathit on input line 20.
LaTeX Font Info:    Overwriting math alphabet `\mathit' in version `normal'
(Font)                  OT1/cmr/m/it --> OT1/ptm/m/it on input line 20.
LaTeX Font Info:    Overwriting math alphabet `\mathit' in version `bold'
(Font)                  OT1/cmr/bx/it --> OT1/ptm/m/it on input line 20.
 (dfT1ptm.fd
File: dfT1ptm.fd 2000/03/05 DF - Fontinst v1.6 font definitions for T1/ptm.
) (dfT1phv.fd
File: dfT1phv.fd 1997/12/02 Fontinst v1.6 font definitions for T1/phv scaled to
 90\%.
) (dfT1pcr.fd
File: dfT1pcr.fd 2000/03/05 DF - Fontinst v1.6 font definitions for T1/pcr.
))
("C:\Users\Karcsi\AppData\Local\Programs\MiKTeX 2.9\tex/latex/amsmath\amsmath.s
ty"
Package: amsmath 2019/11/16 v2.17d AMS math features
\@mathmargin=\skip41

For additional information on amsmath, use the `?' option.

("C:\Users\Karcsi\AppData\Local\Programs\MiKTeX 2.9\tex/latex/amsmath\amstext.s
ty"
Package: amstext 2000/06/29 v2.01 AMS text

("C:\Users\Karcsi\AppData\Local\Programs\MiKTeX 2.9\tex/latex/amsmath\amsgen.st
y"
File: amsgen.sty 1999/11/30 v2.0 generic functions
\@emptytoks=\toks17
\ex@=\dimen104
))
("C:\Users\Karcsi\AppData\Local\Programs\MiKTeX 2.9\tex/latex/amsmath\amsbsy.st
y"
Package: amsbsy 1999/11/29 v1.2d Bold Symbols
\pmbraise@=\dimen105
)
("C:\Users\Karcsi\AppData\Local\Programs\MiKTeX 2.9\tex/latex/amsmath\amsopn.st
y"
Package: amsopn 2016/03/08 v2.02 operator names
)
\inf@bad=\count89
LaTeX Info: Redefining \frac on input line 227.
\uproot@=\count90
\leftroot@=\count91
LaTeX Info: Redefining \overline on input line 389.
\classnum@=\count92
\DOTSCASE@=\count93
LaTeX Info: Redefining \ldots on input line 486.
LaTeX Info: Redefining \dots on input line 489.
LaTeX Info: Redefining \cdots on input line 610.
\Mathstrutbox@=\box27
\strutbox@=\box28
\big@size=\dimen106
LaTeX Font Info:    Redeclaring font encoding OML on input line 733.
LaTeX Font Info:    Redeclaring font encoding OMS on input line 734.
\macc@depth=\count94
\c@MaxMatrixCols=\count95
\dotsspace@=\muskip10
\c@parentequation=\count96
\dspbrk@lvl=\count97
\tag@help=\toks18
\row@=\count98
\column@=\count99
\maxfields@=\count100
\andhelp@=\toks19
\eqnshift@=\dimen107
\alignsep@=\dimen108
\tagshift@=\dimen109
\tagwidth@=\dimen110
\totwidth@=\dimen111
\lineht@=\dimen112
\@envbody=\toks20
\multlinegap=\skip42
\multlinetaggap=\skip43
\mathdisplay@stack=\toks21
LaTeX Info: Redefining \[ on input line 2858.
LaTeX Info: Redefining \] on input line 2859.
)
("C:\Users\Karcsi\AppData\Local\Programs\MiKTeX 2.9\tex/latex/amsfonts\amsfonts
.sty"
Package: amsfonts 2013/01/14 v3.01 Basic AMSFonts support
\symAMSa=\mathgroup6
\symAMSb=\mathgroup7
LaTeX Font Info:    Redeclaring math symbol \hbar on input line 98.
LaTeX Font Info:    Overwriting math alphabet `\mathfrak' in version `bold'
(Font)                  U/euf/m/n --> U/euf/b/n on input line 106.
) (wait2020.aux)
\openout1 = `wait2020.aux'.

LaTeX Font Info:    Checking defaults for OML/cmm/m/it on input line 44.
LaTeX Font Info:    ... okay on input line 44.
LaTeX Font Info:    Checking defaults for T1/cmr/m/n on input line 44.
LaTeX Font Info:    ... okay on input line 44.
LaTeX Font Info:    Checking defaults for OT1/cmr/m/n on input line 44.
LaTeX Font Info:    ... okay on input line 44.
LaTeX Font Info:    Checking defaults for OMS/cmsy/m/n on input line 44.
LaTeX Font Info:    ... okay on input line 44.
LaTeX Font Info:    Checking defaults for OMX/cmex/m/n on input line 44.
LaTeX Font Info:    ... okay on input line 44.
LaTeX Font Info:    Checking defaults for U/cmr/m/n on input line 44.
LaTeX Font Info:    ... okay on input line 44.

("C:\Users\Karcsi\AppData\Local\Programs\MiKTeX 2.9\tex/context/base/mkii\supp-
pdf.mkii"
[Loading MPS to PDF converter (version 2006.09.02).]
\scratchcounter=\count101
\scratchdimen=\dimen113
\scratchbox=\box29
\nofMPsegments=\count102
\nofMParguments=\count103
\everyMPshowfont=\toks22
\MPscratchCnt=\count104
\MPscratchDim=\dimen114
\MPnumerator=\count105
\makeMPintoPDFobject=\count106
\everyMPtoPDFconversion=\toks23
)
("C:\Users\Karcsi\AppData\Local\Programs\MiKTeX 2.9\tex/latex/epstopdf-pkg\epst
opdf-base.sty"
Package: epstopdf-base 2019-11-30 v2.9 Base part for package epstopdf
Package epstopdf-base Info: Redefining graphics rule for `.eps' on input line 4
85.
)
LaTeX Font Info:    Font shape `T1/ptm/bx/n' in size <17.28> not available
(Font)              Font shape `T1/ptm/b/n' tried instead on input line 46.
LaTeX Font Info:    Trying to load font information for OT1+ptmcm on input line
 46.

("C:\Users\Karcsi\AppData\Local\Programs\MiKTeX 2.9\tex/latex/psnfss\ot1ptmcm.f
d"
File: ot1ptmcm.fd 2000/01/03 Fontinst v1.801 font definitions for OT1/ptmcm.
)
LaTeX Font Info:    Trying to load font information for OML+ptmcm on input line
 46.

("C:\Users\Karcsi\AppData\Local\Programs\MiKTeX 2.9\tex/latex/psnfss\omlptmcm.f
d"
File: omlptmcm.fd 2000/01/03 Fontinst v1.801 font definitions for OML/ptmcm.
)
LaTeX Font Info:    Trying to load font information for OMX+psycm on input line
 46.

("C:\Users\Karcsi\AppData\Local\Programs\MiKTeX 2.9\tex/latex/psnfss\omxpsycm.f
d"
File: omxpsycm.fd 2000/01/03 Fontinst v1.801 font definitions for OMX/psycm.
)
LaTeX Font Info:    Trying to load font information for OT1+ptm on input line 4
6.

("C:\Users\Karcsi\AppData\Local\Programs\MiKTeX 2.9\tex/latex/psnfss\ot1ptm.fd"
File: ot1ptm.fd 2001/06/04 font definitions for OT1/ptm.
)
LaTeX Font Info:    Trying to load font information for U+msa on input line 46.

 ("C:\Users\Karcsi\AppData\Local\Programs\MiKTeX 2.9\tex/latex/amsfonts\umsa.fd
"
File: umsa.fd 2013/01/14 v3.01 AMS symbols A
)
LaTeX Font Info:    Trying to load font information for U+msb on input line 46.


("C:\Users\Karcsi\AppData\Local\Programs\MiKTeX 2.9\tex/latex/amsfonts\umsb.fd"
File: umsb.fd 2013/01/14 v3.01 AMS symbols B
)
LaTeX Font Info:    Font shape `T1/ptm/bx/n' in size <9> not available
(Font)              Font shape `T1/ptm/b/n' tried instead on input line 48.
 [1{C:/Users/Karcsi/AppData/Local/MiKTeX/2.9/pdftex/config/pdftex.map}


]
<pic/MS-SSIM.png, id=13, 1276.77pt x 314.17375pt>
File: pic/MS-SSIM.png Graphic file (type png)
<use pic/MS-SSIM.png>
Package pdftex.def Info: pic/MS-SSIM.png  used on input line 111.
(pdftex.def)             Requested size: 456.0pt x 112.206pt.

[2]
<pic/mnist.png, id=19, 514.94261pt x 257.4713pt>
File: pic/mnist.png Graphic file (type png)
<use pic/mnist.png>
Package pdftex.def Info: pic/mnist.png  used on input line 144.
(pdftex.def)             Requested size: 216.0pt x 107.9997pt.
<pic/1.png, id=20, 963.6pt x 542.025pt>
File: pic/1.png Graphic file (type png)
<use pic/1.png>
Package pdftex.def Info: pic/1.png  used on input line 153.
(pdftex.def)             Requested size: 216.0pt x 121.49547pt.
 [3 <./pic/MS-SSIM.png> <./pic/mnist.png> <./pic/1.png>]
<pic/Infogan_diss_predicting.png, id=26, 803.25093pt x 541.27219pt>
File: pic/Infogan_diss_predicting.png Graphic file (type png)
<use pic/Infogan_diss_predicting.png>
Package pdftex.def Info: pic/Infogan_diss_predicting.png  used on input line 20
2.
(pdftex.def)             Requested size: 216.0pt x 145.55078pt.
<pic/added_noise2.png, id=27, 895.84688pt x 350.05782pt>
File: pic/added_noise2.png Graphic file (type png)
<use pic/added_noise2.png>
Package pdftex.def Info: pic/added_noise2.png  used on input line 211.
(pdftex.def)             Requested size: 216.0pt x 84.40016pt.
<pic/tony_regen.png, id=28, 406.46217pt x 200.21355pt>
File: pic/tony_regen.png Graphic file (type png)
<use pic/tony_regen.png>
Package pdftex.def Info: pic/tony_regen.png  used on input line 218.
(pdftex.def)             Requested size: 216.0pt x 106.39677pt.
 [4 <./pic/Infogan_diss_predicting.png> <./pic/added_noise2.png> <./pic/tony_re
gen.png>]
<pic/2.png, id=33, 527.72156pt x 541.27219pt>
File: pic/2.png Graphic file (type png)
<use pic/2.png>
Package pdftex.def Info: pic/2.png  used on input line 246.
(pdftex.def)             Requested size: 216.0pt x 221.5431pt.
<pic/best1.png, id=34, 664.4825pt x 664.4825pt>
File: pic/best1.png Graphic file (type png)
<use pic/best1.png>
Package pdftex.def Info: pic/best1.png  used on input line 257.
(pdftex.def)             Requested size: 216.0pt x 215.9948pt.
<pic/best2.png, id=35, 664.4825pt x 664.4825pt>
File: pic/best2.png Graphic file (type png)
<use pic/best2.png>
Package pdftex.def Info: pic/best2.png  used on input line 266.
(pdftex.def)             Requested size: 216.0pt x 215.9948pt.
<pic/hyperparamopt.png, id=36, 805.8105pt x 399.894pt>
File: pic/hyperparamopt.png Graphic file (type png)
<use pic/hyperparamopt.png>
Package pdftex.def Info: pic/hyperparamopt.png  used on input line 273.
(pdftex.def)             Requested size: 456.0pt x 226.30052pt.
 [5 <./pic/2.png> <./pic/best1.png (PNG copy)> <./pic/best2.png (PNG copy)>]
<pic/predict_everything.png, id=40, 343.2825pt x 343.2825pt>
File: pic/predict_everything.png Graphic file (type png)
<use pic/predict_everything.png>
Package pdftex.def Info: pic/predict_everything.png  used on input line 284.
(pdftex.def)             Requested size: 216.0pt x 215.99672pt.
<pic/tony_iterative.png, id=41, 389.33765pt x 96.78749pt>
File: pic/tony_iterative.png Graphic file (type png)
<use pic/tony_iterative.png>
Package pdftex.def Info: pic/tony_iterative.png  used on input line 301.
(pdftex.def)             Requested size: 216.0pt x 53.697pt.
 [6 <./pic/hyperparamopt.png> <./pic/predict_everything.png (PNG copy)>]
<pic/3.png, id=46, 963.6pt x 542.025pt>
File: pic/3.png Graphic file (type png)
<use pic/3.png>
Package pdftex.def Info: pic/3.png  used on input line 310.
(pdftex.def)             Requested size: 216.0pt x 121.49547pt.
<pic/InfoBegan(proper).png, id=47, 462.528pt x 346.896pt>
File: pic/InfoBegan(proper).png Graphic file (type png)
<use pic/InfoBegan(proper).png>
Package pdftex.def Info: pic/InfoBegan(proper).png  used on input line 331.
(pdftex.def)             Requested size: 216.0pt x 162.00366pt.
<pic/BInfoGAN+predictor.png, id=48, 843.15pt x 721.69624pt>
File: pic/BInfoGAN+predictor.png Graphic file (type png)
<use pic/BInfoGAN+predictor.png>
Package pdftex.def Info: pic/BInfoGAN+predictor.png  used on input line 337.
(pdftex.def)             Requested size: 216.0pt x 184.88354pt.
<pic/InfoBegan_random_result.png, id=49, 664.4825pt x 664.4825pt>
File: pic/InfoBegan_random_result.png Graphic file (type png)
<use pic/InfoBegan_random_result.png>
Package pdftex.def Info: pic/InfoBegan_random_result.png  used on input line 34
6.
(pdftex.def)             Requested size: 216.0pt x 215.9948pt.
 [7 <./pic/tony_iterative.png> <./pic/3.png> <./pic/InfoBegan(proper).png> <./p
ic/BInfoGAN+predictor.png (PNG copy)>]
<pic/InfoBEGAN_tony_recovered_ssim.png, id=56, 449.42906pt x 224.33812pt>
File: pic/InfoBEGAN_tony_recovered_ssim.png Graphic file (type png)
<use pic/InfoBEGAN_tony_recovered_ssim.png>
Package pdftex.def Info: pic/InfoBEGAN_tony_recovered_ssim.png  used on input l
ine 358.
(pdftex.def)             Requested size: 216.0pt x 107.818pt.
<pic/InfoBegan_varied_result.png, id=57, 664.4825pt x 664.4825pt>
File: pic/InfoBegan_varied_result.png Graphic file (type png)
<use pic/InfoBegan_varied_result.png>
Package pdftex.def Info: pic/InfoBegan_varied_result.png  used on input line 36
7.
(pdftex.def)             Requested size: 216.0pt x 215.9948pt.

Underfull \hbox (badness 10000) in paragraph at lines 376--378

 []

<pic/InfoBEGAN_tony_recovered_VGG16.png, id=58, 449.42906pt x 222.07968pt>
File: pic/InfoBEGAN_tony_recovered_VGG16.png Graphic file (type png)
<use pic/InfoBEGAN_tony_recovered_VGG16.png>
Package pdftex.def Info: pic/InfoBEGAN_tony_recovered_VGG16.png  used on input 
line 381.
(pdftex.def)             Requested size: 216.0pt x 106.73257pt.
[8 <./pic/InfoBegan_random_result.png (PNG copy)> <./pic/InfoBEGAN_tony_recover
ed_ssim.png> <./pic/InfoBegan_varied_result.png (PNG copy)> <./pic/InfoBEGAN_to
ny_recovered_VGG16.png>]
Underfull \hbox (badness 3668) in paragraph at lines 410--413
[]\T1/ptm/m/n/9 X. Chen, Y. Duan, R. Houthooft, J. Schul-man,
 []

[9] (wait2020.aux) ) 
Here is how much of TeX's memory you used:
 2277 strings out of 492484
 31048 string characters out of 3121148
 100635 words of memory out of 3000000
 6559 multiletter control sequences out of 15000+200000
 47580 words of font info for 85 fonts, out of 3000000 for 9000
 1141 hyphenation exceptions out of 8191
 30i,10n,27p,947b,290s stack positions out of 5000i,500n,10000p,200000b,50000s
{C:/Users/Karcsi/AppData/Local/Programs/MiKTeX 2.9/fonts/en
c/dvips/base/8r.enc}<C:/Users/Karcsi/AppData/Local/Programs/MiKTeX 2.9/fonts/ty
pe1/public/amsfonts/cm/cmmi10.pfb><C:/Users/Karcsi/AppData/Local/Programs/MiKTe
X 2.9/fonts/type1/public/amsfonts/cm/cmr10.pfb><C:/Users/Karcsi/AppData/Local/P
rograms/MiKTeX 2.9/fonts/type1/public/amsfonts/cm/cmsy7.pfb><C:/Users/Karcsi/Ap
pData/Local/Programs/MiKTeX 2.9/fonts/type1/public/amsfonts/cm/cmsy9.pfb><C:/Us
ers/Karcsi/AppData/Local/Programs/MiKTeX 2.9/fonts/type1/public/amsfonts/symbol
s/msbm10.pfb><C:/Users/Karcsi/AppData/Local/Programs/MiKTeX 2.9/fonts/type1/urw
/symbol/usyr.pfb><C:/Users/Karcsi/AppData/Local/Programs/MiKTeX 2.9/fonts/type1
/urw/times/utmb8a.pfb><C:/Users/Karcsi/AppData/Local/Programs/MiKTeX 2.9/fonts/
type1/urw/times/utmr8a.pfb><C:/Users/Karcsi/AppData/Local/Programs/MiKTeX 2.9/f
onts/type1/urw/times/utmri8a.pfb>
Output written on wait2020.pdf (9 pages, 39148337 bytes).
PDF statistics:
 95 PDF objects out of 1000 (max. 8388607)
 0 named destinations out of 1000 (max. 500000)
 96 words of extra memory for PDF output out of 10000 (max. 10000000)

